mode: set
github.com/defskela/merchmarket/docs/docs.go:366.13,368.2 1 0
github.com/defskela/merchmarket/cmd/app/main.go:29.33,31.16 2 0
github.com/defskela/merchmarket/cmd/app/main.go:31.16,34.3 2 0
github.com/defskela/merchmarket/cmd/app/main.go:35.2,38.16 3 0
github.com/defskela/merchmarket/cmd/app/main.go:38.16,40.3 1 0
github.com/defskela/merchmarket/cmd/app/main.go:53.2,53.16 1 0
github.com/defskela/merchmarket/cmd/app/main.go:56.13,57.40 1 0
github.com/defskela/merchmarket/cmd/app/main.go:57.40,59.3 1 0
github.com/defskela/merchmarket/cmd/app/main.go:61.2,62.16 2 0
github.com/defskela/merchmarket/cmd/app/main.go:62.16,64.3 1 0
github.com/defskela/merchmarket/cmd/app/main.go:66.2,71.16 4 0
github.com/defskela/merchmarket/cmd/app/main.go:71.16,73.3 1 0
github.com/defskela/merchmarket/internal/api/routes/routes.go:13.51,23.2 6 0
github.com/defskela/merchmarket/internal/api/routes/routes.go:23.2,36.3 6 0
github.com/defskela/merchmarket/internal/api/middlewares/extractItem.go:6.46,7.30 1 0
github.com/defskela/merchmarket/internal/api/middlewares/extractItem.go:7.30,9.17 2 0
github.com/defskela/merchmarket/internal/api/middlewares/extractItem.go:9.17,12.4 1 0
github.com/defskela/merchmarket/internal/api/middlewares/extractItem.go:13.3,13.11 1 0
github.com/defskela/merchmarket/internal/api/middlewares/jwt.go:14.42,15.30 1 0
github.com/defskela/merchmarket/internal/api/middlewares/jwt.go:15.30,17.23 2 0
github.com/defskela/merchmarket/internal/api/middlewares/jwt.go:17.23,21.4 3 0
github.com/defskela/merchmarket/internal/api/middlewares/jwt.go:24.3,25.63 2 0
github.com/defskela/merchmarket/internal/api/middlewares/jwt.go:25.63,29.4 3 0
github.com/defskela/merchmarket/internal/api/middlewares/jwt.go:31.3,32.81 2 0
github.com/defskela/merchmarket/internal/api/middlewares/jwt.go:32.81,34.4 1 0
github.com/defskela/merchmarket/internal/api/middlewares/jwt.go:35.3,35.33 1 0
github.com/defskela/merchmarket/internal/api/middlewares/jwt.go:35.33,39.4 3 0
github.com/defskela/merchmarket/internal/api/middlewares/jwt.go:42.3,42.53 1 0
github.com/defskela/merchmarket/internal/api/middlewares/jwt.go:42.53,44.4 1 0
github.com/defskela/merchmarket/internal/api/middlewares/jwt.go:46.3,46.11 1 0
github.com/defskela/merchmarket/internal/api/handlers/auth_handler.go:21.47,23.2 1 0
github.com/defskela/merchmarket/internal/api/handlers/auth_handler.go:48.52,50.47 2 1
github.com/defskela/merchmarket/internal/api/handlers/auth_handler.go:50.47,53.3 2 1
github.com/defskela/merchmarket/internal/api/handlers/auth_handler.go:55.2,57.16 3 1
github.com/defskela/merchmarket/internal/api/handlers/auth_handler.go:57.16,58.45 1 1
github.com/defskela/merchmarket/internal/api/handlers/auth_handler.go:58.45,61.18 3 1
github.com/defskela/merchmarket/internal/api/handlers/auth_handler.go:61.18,64.5 2 0
github.com/defskela/merchmarket/internal/api/handlers/auth_handler.go:65.4,70.51 2 1
github.com/defskela/merchmarket/internal/api/handlers/auth_handler.go:70.51,73.5 2 0
github.com/defskela/merchmarket/internal/api/handlers/auth_handler.go:74.9,77.4 2 0
github.com/defskela/merchmarket/internal/api/handlers/auth_handler.go:78.8,79.100 1 1
github.com/defskela/merchmarket/internal/api/handlers/auth_handler.go:79.100,82.4 2 1
github.com/defskela/merchmarket/internal/api/handlers/auth_handler.go:86.2,92.16 3 1
github.com/defskela/merchmarket/internal/api/handlers/auth_handler.go:92.16,95.3 2 0
github.com/defskela/merchmarket/internal/api/handlers/auth_handler.go:97.2,97.57 1 1
github.com/defskela/merchmarket/internal/api/handlers/info_handler.go:15.47,17.2 1 0
github.com/defskela/merchmarket/internal/api/handlers/info_handler.go:55.47,58.13 2 1
github.com/defskela/merchmarket/internal/api/handlers/info_handler.go:58.13,62.3 3 1
github.com/defskela/merchmarket/internal/api/handlers/info_handler.go:63.2,64.9 2 1
github.com/defskela/merchmarket/internal/api/handlers/info_handler.go:64.9,68.3 3 1
github.com/defskela/merchmarket/internal/api/handlers/info_handler.go:71.2,72.107 2 1
github.com/defskela/merchmarket/internal/api/handlers/info_handler.go:72.107,76.3 3 1
github.com/defskela/merchmarket/internal/api/handlers/info_handler.go:79.2,80.42 2 1
github.com/defskela/merchmarket/internal/api/handlers/info_handler.go:80.42,82.3 1 1
github.com/defskela/merchmarket/internal/api/handlers/info_handler.go:83.2,84.48 2 1
github.com/defskela/merchmarket/internal/api/handlers/info_handler.go:84.48,89.3 1 1
github.com/defskela/merchmarket/internal/api/handlers/info_handler.go:92.2,95.85 3 1
github.com/defskela/merchmarket/internal/api/handlers/info_handler.go:95.85,99.3 3 0
github.com/defskela/merchmarket/internal/api/handlers/info_handler.go:100.2,100.87 1 1
github.com/defskela/merchmarket/internal/api/handlers/info_handler.go:100.87,104.3 3 0
github.com/defskela/merchmarket/internal/api/handlers/info_handler.go:107.2,112.29 2 1
github.com/defskela/merchmarket/internal/api/handlers/info_handler.go:112.29,114.64 2 1
github.com/defskela/merchmarket/internal/api/handlers/info_handler.go:114.64,115.12 1 0
github.com/defskela/merchmarket/internal/api/handlers/info_handler.go:117.3,120.5 1 1
github.com/defskela/merchmarket/internal/api/handlers/info_handler.go:123.2,123.33 1 1
github.com/defskela/merchmarket/internal/api/handlers/info_handler.go:123.33,125.68 2 1
github.com/defskela/merchmarket/internal/api/handlers/info_handler.go:125.68,126.12 1 0
github.com/defskela/merchmarket/internal/api/handlers/info_handler.go:128.3,131.5 1 1
github.com/defskela/merchmarket/internal/api/handlers/info_handler.go:134.2,139.29 2 1
github.com/defskela/merchmarket/internal/api/handlers/merch_handler.go:15.49,17.2 1 1
github.com/defskela/merchmarket/internal/api/handlers/merch_handler.go:30.48,32.16 2 1
github.com/defskela/merchmarket/internal/api/handlers/merch_handler.go:32.16,36.3 3 1
github.com/defskela/merchmarket/internal/api/handlers/merch_handler.go:39.2,40.13 2 1
github.com/defskela/merchmarket/internal/api/handlers/merch_handler.go:40.13,44.3 3 1
github.com/defskela/merchmarket/internal/api/handlers/merch_handler.go:45.2,46.9 2 1
github.com/defskela/merchmarket/internal/api/handlers/merch_handler.go:46.9,50.3 3 0
github.com/defskela/merchmarket/internal/api/handlers/merch_handler.go:53.2,54.73 2 1
github.com/defskela/merchmarket/internal/api/handlers/merch_handler.go:54.73,58.3 3 1
github.com/defskela/merchmarket/internal/api/handlers/merch_handler.go:61.2,65.78 3 1
github.com/defskela/merchmarket/internal/api/handlers/merch_handler.go:65.78,70.3 4 1
github.com/defskela/merchmarket/internal/api/handlers/merch_handler.go:73.2,73.30 1 1
github.com/defskela/merchmarket/internal/api/handlers/merch_handler.go:73.30,78.3 4 1
github.com/defskela/merchmarket/internal/api/handlers/merch_handler.go:81.2,81.86 1 1
github.com/defskela/merchmarket/internal/api/handlers/merch_handler.go:81.86,86.3 4 0
github.com/defskela/merchmarket/internal/api/handlers/merch_handler.go:89.2,93.51 2 1
github.com/defskela/merchmarket/internal/api/handlers/merch_handler.go:93.51,98.3 4 0
github.com/defskela/merchmarket/internal/api/handlers/merch_handler.go:101.2,101.42 1 1
github.com/defskela/merchmarket/internal/api/handlers/merch_handler.go:101.42,105.3 3 0
github.com/defskela/merchmarket/internal/api/handlers/merch_handler.go:107.2,107.100 1 1
github.com/defskela/merchmarket/internal/api/handlers/wallet_handler.go:15.51,17.2 1 1
github.com/defskela/merchmarket/internal/api/handlers/wallet_handler.go:36.50,38.47 2 1
github.com/defskela/merchmarket/internal/api/handlers/wallet_handler.go:38.47,42.3 3 1
github.com/defskela/merchmarket/internal/api/handlers/wallet_handler.go:45.2,46.13 2 1
github.com/defskela/merchmarket/internal/api/handlers/wallet_handler.go:46.13,50.3 3 1
github.com/defskela/merchmarket/internal/api/handlers/wallet_handler.go:51.2,52.9 2 1
github.com/defskela/merchmarket/internal/api/handlers/wallet_handler.go:52.9,56.3 3 0
github.com/defskela/merchmarket/internal/api/handlers/wallet_handler.go:59.2,59.21 1 1
github.com/defskela/merchmarket/internal/api/handlers/wallet_handler.go:59.21,63.3 3 1
github.com/defskela/merchmarket/internal/api/handlers/wallet_handler.go:66.2,70.82 3 1
github.com/defskela/merchmarket/internal/api/handlers/wallet_handler.go:70.82,75.3 4 1
github.com/defskela/merchmarket/internal/api/handlers/wallet_handler.go:78.2,78.31 1 1
github.com/defskela/merchmarket/internal/api/handlers/wallet_handler.go:78.31,83.3 4 1
github.com/defskela/merchmarket/internal/api/handlers/wallet_handler.go:86.2,87.84 2 1
github.com/defskela/merchmarket/internal/api/handlers/wallet_handler.go:87.84,92.3 4 1
github.com/defskela/merchmarket/internal/api/handlers/wallet_handler.go:95.2,95.89 1 1
github.com/defskela/merchmarket/internal/api/handlers/wallet_handler.go:95.89,100.3 4 0
github.com/defskela/merchmarket/internal/api/handlers/wallet_handler.go:101.2,101.93 1 1
github.com/defskela/merchmarket/internal/api/handlers/wallet_handler.go:101.93,106.3 4 0
github.com/defskela/merchmarket/internal/api/handlers/wallet_handler.go:109.2,114.54 2 1
github.com/defskela/merchmarket/internal/api/handlers/wallet_handler.go:114.54,119.3 4 0
github.com/defskela/merchmarket/internal/api/handlers/wallet_handler.go:122.2,122.42 1 1
github.com/defskela/merchmarket/internal/api/handlers/wallet_handler.go:122.42,126.3 3 0
github.com/defskela/merchmarket/internal/api/handlers/wallet_handler.go:128.2,128.95 1 1
